[debug] [2021-04-06T20:34:17.269Z] ----------------------------------------------------------------------
[debug] [2021-04-06T20:34:17.273Z] Command:       C:\Program Files\nodejs\node.exe C:\Users\marty\AppData\Roaming\npm\node_modules\firebase-tools\lib\bin\firebase.js init
[debug] [2021-04-06T20:34:17.274Z] CLI Version:   9.8.0
[debug] [2021-04-06T20:34:17.274Z] Platform:      win32
[debug] [2021-04-06T20:34:17.274Z] Node Version:  v14.15.1
[debug] [2021-04-06T20:34:17.276Z] Time:          Tue Apr 06 2021 23:34:17 GMT+0300 (Eastern European Summer Time)
[debug] [2021-04-06T20:34:17.277Z] ----------------------------------------------------------------------
[debug] 
[debug] [2021-04-06T20:34:17.288Z] > command requires scopes: ["email","openid","https://www.googleapis.com/auth/cloudplatformprojects.readonly","https://www.googleapis.com/auth/firebase","https://www.googleapis.com/auth/cloud-platform"]
[debug] [2021-04-06T20:34:17.289Z] > authorizing via signed-in user
[info] 
     ######## #### ########  ######## ########     ###     ######  ########
     ##        ##  ##     ## ##       ##     ##  ##   ##  ##       ##
     ######    ##  ########  ######   ########  #########  ######  ######
     ##        ##  ##    ##  ##       ##     ## ##     ##       ## ##
     ##       #### ##     ## ######## ########  ##     ##  ######  ########

You're about to initialize a Firebase project in this directory:

  C:\Users\marty\pro\todowithauth

[info] 
=== Project Setup
[info] 
[info] First, let's associate this project directory with a Firebase project.
[info] You can create multiple project aliases by running firebase use --add, 
[info] but for now we'll just set up a default project.
[info] 
[debug] [2021-04-06T20:34:28.923Z] >>> [apiv2][query] GET https://firebase.googleapis.com/v1beta1/projects pageSize=100
[debug] [2021-04-06T20:34:29.431Z] <<< [apiv2][status] GET https://firebase.googleapis.com/v1beta1/projects 200
[debug] [2021-04-06T20:34:29.431Z] <<< [apiv2][body] GET https://firebase.googleapis.com/v1beta1/projects [omitted]
[info] i  Using project todoreactreduxwithauth (TodoReactReduxWithAuth) 
[info] 
=== Hosting Setup
[info] 
[info] Your public directory is the folder (relative to your project directory) that
[info] will contain Hosting assets to be uploaded with firebase deploy. If you
[info] have a build process for your assets, use your build's output directory.
[info] 
[debug] [2021-04-06T20:37:06.568Z] ----------------------------------------------------------------------
[debug] [2021-04-06T20:37:06.572Z] Command:       C:\Program Files\nodejs\node.exe C:\Users\marty\AppData\Roaming\npm\node_modules\firebase-tools\lib\bin\firebase.js init
[debug] [2021-04-06T20:37:06.572Z] CLI Version:   9.8.0
[debug] [2021-04-06T20:37:06.573Z] Platform:      win32
[debug] [2021-04-06T20:37:06.573Z] Node Version:  v14.15.1
[debug] [2021-04-06T20:37:06.575Z] Time:          Tue Apr 06 2021 23:37:06 GMT+0300 (Eastern European Summer Time)
[debug] [2021-04-06T20:37:06.575Z] ----------------------------------------------------------------------
[debug] 
[debug] [2021-04-06T20:37:06.586Z] > command requires scopes: ["email","openid","https://www.googleapis.com/auth/cloudplatformprojects.readonly","https://www.googleapis.com/auth/firebase","https://www.googleapis.com/auth/cloud-platform"]
[debug] [2021-04-06T20:37:06.587Z] > authorizing via signed-in user
[info] 
     ######## #### ########  ######## ########     ###     ######  ########
     ##        ##  ##     ## ##       ##     ##  ##   ##  ##       ##
     ######    ##  ########  ######   ########  #########  ######  ######
     ##        ##  ##    ##  ##       ##     ## ##     ##       ## ##
     ##       #### ##     ## ######## ########  ##     ##  ######  ########

You're about to initialize a Firebase project in this directory:

  C:\Users\marty\pro\todowithauth

[info] 
=== Project Setup
[info] 
[info] First, let's associate this project directory with a Firebase project.
[info] You can create multiple project aliases by running firebase use --add, 
[info] but for now we'll just set up a default project.
[info] 
[debug] [2021-04-06T20:37:15.317Z] >>> [apiv2][query] GET https://firebase.googleapis.com/v1beta1/projects pageSize=100
[debug] [2021-04-06T20:37:15.947Z] <<< [apiv2][status] GET https://firebase.googleapis.com/v1beta1/projects 200
[debug] [2021-04-06T20:37:15.947Z] <<< [apiv2][body] GET https://firebase.googleapis.com/v1beta1/projects [omitted]
[info] i  Using project todoreactreduxwithauth (TodoReactReduxWithAuth) 
[info] 
=== Hosting Setup
[info] 
[info] Your public directory is the folder (relative to your project directory) that
[info] will contain Hosting assets to be uploaded with firebase deploy. If you
[info] have a build process for your assets, use your build's output directory.
[info] 
